1550143177.810209 client started (7749): version 2.8, socket /tmp/tmux-1000/default, protocol 8
1550143177.810265 on Linux 4.19.6-1-MANJARO #1 SMP PREEMPT Sat Dec 1 12:21:26 UTC 2018; libevent 2.1.8-stable (poll)
1550143177.810307 socket is /tmp/tmux-1000/default
1550143177.810327 trying connect
1550143177.810354 connect failed: Connection refused
1550143177.810373 lock file is /tmp/tmux-1000/default.lock
1550143177.810402 flock succeeded
1550143177.810411 got lock (6)
1550143177.810422 trying connect
1550143177.810438 connect failed: Connection refused
1550143177.810573 add peer 0x564770ed6780: 7 ((nil))
1550143177.810615 sending message 100 to peer 0x564770ed6780 (4 bytes)
1550143177.810619 sending message 101 to peer 0x564770ed6780 (14 bytes)
1550143177.810620 sending message 102 to peer 0x564770ed6780 (11 bytes)
1550143177.810622 sending message 108 to peer 0x564770ed6780 (31 bytes)
1550143177.810624 sending message 104 to peer 0x564770ed6780 (0 bytes)
1550143177.810626 sending message 107 to peer 0x564770ed6780 (4 bytes)
1550143177.810627 sending message 105 to peer 0x564770ed6780 (1549 bytes)
1550143177.810632 sending message 105 to peer 0x564770ed6780 (27 bytes)
1550143177.810634 sending message 105 to peer 0x564770ed6780 (21 bytes)
1550143177.810635 sending message 105 to peer 0x564770ed6780 (24 bytes)
1550143177.810637 sending message 105 to peer 0x564770ed6780 (23 bytes)
1550143177.810638 sending message 105 to peer 0x564770ed6780 (17 bytes)
1550143177.810640 sending message 105 to peer 0x564770ed6780 (21 bytes)
1550143177.810641 sending message 105 to peer 0x564770ed6780 (106 bytes)
1550143177.810643 sending message 105 to peer 0x564770ed6780 (11 bytes)
1550143177.810644 sending message 105 to peer 0x564770ed6780 (40 bytes)
1550143177.810646 sending message 105 to peer 0x564770ed6780 (19 bytes)
1550143177.810647 sending message 105 to peer 0x564770ed6780 (11 bytes)
1550143177.810649 sending message 105 to peer 0x564770ed6780 (20 bytes)
1550143177.810650 sending message 105 to peer 0x564770ed6780 (15 bytes)
1550143177.810652 sending message 105 to peer 0x564770ed6780 (41 bytes)
1550143177.810653 sending message 105 to peer 0x564770ed6780 (11 bytes)
1550143177.810655 sending message 105 to peer 0x564770ed6780 (41 bytes)
1550143177.810656 sending message 105 to peer 0x564770ed6780 (62 bytes)
1550143177.810658 sending message 105 to peer 0x564770ed6780 (20 bytes)
1550143177.810659 sending message 105 to peer 0x564770ed6780 (17 bytes)
1550143177.810661 sending message 105 to peer 0x564770ed6780 (11 bytes)
1550143177.810662 sending message 105 to peer 0x564770ed6780 (27 bytes)
1550143177.810664 sending message 105 to peer 0x564770ed6780 (86 bytes)
1550143177.810665 sending message 105 to peer 0x564770ed6780 (27 bytes)
1550143177.810672 sending message 105 to peer 0x564770ed6780 (35 bytes)
1550143177.810674 sending message 105 to peer 0x564770ed6780 (17 bytes)
1550143177.810675 sending message 105 to peer 0x564770ed6780 (162 bytes)
1550143177.810678 sending message 105 to peer 0x564770ed6780 (21 bytes)
1550143177.810679 sending message 105 to peer 0x564770ed6780 (34 bytes)
1550143177.810681 sending message 105 to peer 0x564770ed6780 (137 bytes)
1550143177.810683 sending message 105 to peer 0x564770ed6780 (31 bytes)
1550143177.810684 sending message 105 to peer 0x564770ed6780 (23 bytes)
1550143177.810686 sending message 105 to peer 0x564770ed6780 (209 bytes)
1550143177.810687 sending message 105 to peer 0x564770ed6780 (24 bytes)
1550143177.810689 sending message 105 to peer 0x564770ed6780 (23 bytes)
1550143177.810690 sending message 105 to peer 0x564770ed6780 (39 bytes)
1550143177.810692 sending message 105 to peer 0x564770ed6780 (27 bytes)
1550143177.810693 sending message 105 to peer 0x564770ed6780 (13 bytes)
1550143177.810694 sending message 105 to peer 0x564770ed6780 (17 bytes)
1550143177.810696 sending message 105 to peer 0x564770ed6780 (19 bytes)
1550143177.810697 sending message 105 to peer 0x564770ed6780 (16 bytes)
1550143177.810699 sending message 105 to peer 0x564770ed6780 (26 bytes)
1550143177.810700 sending message 105 to peer 0x564770ed6780 (30 bytes)
1550143177.810705 sending message 105 to peer 0x564770ed6780 (17 bytes)
1550143177.810707 sending message 105 to peer 0x564770ed6780 (15 bytes)
1550143177.810708 sending message 105 to peer 0x564770ed6780 (8 bytes)
1550143177.810710 sending message 105 to peer 0x564770ed6780 (25 bytes)
1550143177.810711 sending message 105 to peer 0x564770ed6780 (22 bytes)
1550143177.810713 sending message 105 to peer 0x564770ed6780 (14 bytes)
1550143177.810714 sending message 105 to peer 0x564770ed6780 (54 bytes)
1550143177.810716 sending message 105 to peer 0x564770ed6780 (31 bytes)
1550143177.810717 sending message 105 to peer 0x564770ed6780 (41 bytes)
1550143177.810719 sending message 105 to peer 0x564770ed6780 (40 bytes)
1550143177.810720 sending message 105 to peer 0x564770ed6780 (37 bytes)
1550143177.810722 sending message 105 to peer 0x564770ed6780 (426 bytes)
1550143177.810724 sending message 105 to peer 0x564770ed6780 (30 bytes)
1550143177.810725 sending message 105 to peer 0x564770ed6780 (40 bytes)
1550143177.810727 sending message 105 to peer 0x564770ed6780 (43 bytes)
1550143177.810728 sending message 105 to peer 0x564770ed6780 (33 bytes)
1550143177.810730 sending message 105 to peer 0x564770ed6780 (84 bytes)
1550143177.810731 sending message 105 to peer 0x564770ed6780 (20 bytes)
1550143177.810733 sending message 105 to peer 0x564770ed6780 (16 bytes)
1550143177.810734 sending message 106 to peer 0x564770ed6780 (0 bytes)
1550143177.810736 sending message 200 to peer 0x564770ed6780 (4 bytes)
1550143177.810737 client loop enter
1550143177.821150 peer 0x564770ed6780 message 207
1550143177.821156 sending message 208 to peer 0x564770ed6780 (0 bytes)
1550143180.257559 peer 0x564770ed6780 message 203
1550143180.257606 sending message 205 to peer 0x564770ed6780 (0 bytes)
1550143180.258248 peer 0x564770ed6780 message 204
1550143180.258279 client loop exit
