1550143172.932478 client started (7744): version 2.8, socket /tmp/tmux-1000/default, protocol 8
1550143172.932533 on Linux 4.19.6-1-MANJARO #1 SMP PREEMPT Sat Dec 1 12:21:26 UTC 2018; libevent 2.1.8-stable (poll)
1550143172.932575 socket is /tmp/tmux-1000/default
1550143172.932595 trying connect
1550143172.932734 add peer 0x55fc760a03a0: 6 ((nil))
1550143172.932844 sending message 100 to peer 0x55fc760a03a0 (4 bytes)
1550143172.932861 sending message 101 to peer 0x55fc760a03a0 (15 bytes)
1550143172.932871 sending message 102 to peer 0x55fc760a03a0 (11 bytes)
1550143172.932880 sending message 108 to peer 0x55fc760a03a0 (31 bytes)
1550143172.932891 sending message 104 to peer 0x55fc760a03a0 (0 bytes)
1550143172.932901 sending message 107 to peer 0x55fc760a03a0 (4 bytes)
1550143172.932911 sending message 105 to peer 0x55fc760a03a0 (1549 bytes)
1550143172.932937 sending message 105 to peer 0x55fc760a03a0 (27 bytes)
1550143172.932947 sending message 105 to peer 0x55fc760a03a0 (21 bytes)
1550143172.932956 sending message 105 to peer 0x55fc760a03a0 (24 bytes)
1550143172.932965 sending message 105 to peer 0x55fc760a03a0 (23 bytes)
1550143172.932974 sending message 105 to peer 0x55fc760a03a0 (17 bytes)
1550143172.932983 sending message 105 to peer 0x55fc760a03a0 (21 bytes)
1550143172.932992 sending message 105 to peer 0x55fc760a03a0 (106 bytes)
1550143172.933001 sending message 105 to peer 0x55fc760a03a0 (11 bytes)
1550143172.933010 sending message 105 to peer 0x55fc760a03a0 (40 bytes)
1550143172.933019 sending message 105 to peer 0x55fc760a03a0 (19 bytes)
1550143172.933027 sending message 105 to peer 0x55fc760a03a0 (11 bytes)
1550143172.933035 sending message 105 to peer 0x55fc760a03a0 (20 bytes)
1550143172.933044 sending message 105 to peer 0x55fc760a03a0 (15 bytes)
1550143172.933052 sending message 105 to peer 0x55fc760a03a0 (41 bytes)
1550143172.933061 sending message 105 to peer 0x55fc760a03a0 (11 bytes)
1550143172.933069 sending message 105 to peer 0x55fc760a03a0 (41 bytes)
1550143172.933078 sending message 105 to peer 0x55fc760a03a0 (114 bytes)
1550143172.933087 sending message 105 to peer 0x55fc760a03a0 (20 bytes)
1550143172.933096 sending message 105 to peer 0x55fc760a03a0 (17 bytes)
1550143172.933104 sending message 105 to peer 0x55fc760a03a0 (11 bytes)
1550143172.933112 sending message 105 to peer 0x55fc760a03a0 (27 bytes)
1550143172.933121 sending message 105 to peer 0x55fc760a03a0 (86 bytes)
1550143172.933130 sending message 105 to peer 0x55fc760a03a0 (27 bytes)
1550143172.933138 sending message 105 to peer 0x55fc760a03a0 (35 bytes)
1550143172.933147 sending message 105 to peer 0x55fc760a03a0 (17 bytes)
1550143172.933156 sending message 105 to peer 0x55fc760a03a0 (318 bytes)
1550143172.933165 sending message 105 to peer 0x55fc760a03a0 (35 bytes)
1550143172.933173 sending message 105 to peer 0x55fc760a03a0 (21 bytes)
1550143172.933182 sending message 105 to peer 0x55fc760a03a0 (34 bytes)
1550143172.933191 sending message 105 to peer 0x55fc760a03a0 (266 bytes)
1550143172.933200 sending message 105 to peer 0x55fc760a03a0 (31 bytes)
1550143172.933209 sending message 105 to peer 0x55fc760a03a0 (23 bytes)
1550143172.933217 sending message 105 to peer 0x55fc760a03a0 (405 bytes)
1550143172.933226 sending message 105 to peer 0x55fc760a03a0 (24 bytes)
1550143172.933235 sending message 105 to peer 0x55fc760a03a0 (23 bytes)
1550143172.933243 sending message 105 to peer 0x55fc760a03a0 (39 bytes)
1550143172.933252 sending message 105 to peer 0x55fc760a03a0 (27 bytes)
1550143172.933261 sending message 105 to peer 0x55fc760a03a0 (13 bytes)
1550143172.933269 sending message 105 to peer 0x55fc760a03a0 (17 bytes)
1550143172.933277 sending message 105 to peer 0x55fc760a03a0 (20 bytes)
1550143172.933286 sending message 105 to peer 0x55fc760a03a0 (16 bytes)
1550143172.933294 sending message 105 to peer 0x55fc760a03a0 (26 bytes)
1550143172.933302 sending message 105 to peer 0x55fc760a03a0 (30 bytes)
1550143172.933311 sending message 105 to peer 0x55fc760a03a0 (13 bytes)
1550143172.933319 sending message 105 to peer 0x55fc760a03a0 (17 bytes)
1550143172.933343 sending message 105 to peer 0x55fc760a03a0 (15 bytes)
1550143172.933353 sending message 105 to peer 0x55fc760a03a0 (8 bytes)
1550143172.933362 sending message 105 to peer 0x55fc760a03a0 (25 bytes)
1550143172.933370 sending message 105 to peer 0x55fc760a03a0 (22 bytes)
1550143172.933379 sending message 105 to peer 0x55fc760a03a0 (14 bytes)
1550143172.933388 sending message 105 to peer 0x55fc760a03a0 (54 bytes)
1550143172.933396 sending message 105 to peer 0x55fc760a03a0 (31 bytes)
1550143172.933405 sending message 105 to peer 0x55fc760a03a0 (41 bytes)
1550143172.933414 sending message 105 to peer 0x55fc760a03a0 (40 bytes)
1550143172.933422 sending message 105 to peer 0x55fc760a03a0 (37 bytes)
1550143172.933431 sending message 105 to peer 0x55fc760a03a0 (807 bytes)
1550143172.933441 sending message 105 to peer 0x55fc760a03a0 (40 bytes)
1550143172.933450 sending message 105 to peer 0x55fc760a03a0 (30 bytes)
1550143172.933459 sending message 105 to peer 0x55fc760a03a0 (43 bytes)
1550143172.933467 sending message 105 to peer 0x55fc760a03a0 (33 bytes)
1550143172.933476 sending message 105 to peer 0x55fc760a03a0 (84 bytes)
1550143172.933491 sending message 105 to peer 0x55fc760a03a0 (20 bytes)
1550143172.933499 sending message 105 to peer 0x55fc760a03a0 (16 bytes)
1550143172.933508 sending message 106 to peer 0x55fc760a03a0 (0 bytes)
1550143172.933518 sending message 200 to peer 0x55fc760a03a0 (4 bytes)
1550143172.933526 client loop enter
1550143172.939866 peer 0x55fc760a03a0 message 211
1550143172.939904 client_write: sessions should be nested with care, unset $TMUX to force\n
1550143172.939932 peer 0x55fc760a03a0 message 203
1550143172.939946 client loop exit
